2014-02-01 11:34:57.363 HelloWorld[18089:80b] Multi-tasking -> Device: YES, App: YES
2014-02-01 11:34:57.370 HelloWorld[18089:80b] Unlimited access to network resources
2014-02-01 11:34:57.474 HelloWorld[18089:80b] Resetting plugins due to page load.
2014-02-01 11:34:57.564 HelloWorld[18089:80b] Finished load of: file:///Users/dannyvanderjagt/Library/Application%20Support/iPhone%20Simulator/7.0.3/Applications/AD592D53-2766-43C5-85CA-67837C5BDC37/HelloWorld.app/www/index.html
2014-02-01 11:36:24.178 HelloWorld[18676:80b] Multi-tasking -> Device: YES, App: YES
2014-02-01 11:36:24.186 HelloWorld[18676:80b] Unlimited access to network resources
2014-02-01 11:36:24.291 HelloWorld[18676:80b] Resetting plugins due to page load.
2014-02-01 11:36:24.441 HelloWorld[18676:80b] Finished load of: file:///Users/dannyvanderjagt/Library/Application%20Support/iPhone%20Simulator/7.0.3/Applications/AD592D53-2766-43C5-85CA-67837C5BDC37/HelloWorld.app/www/index.html
2014-02-01 11:56:51.460 HelloWorld[19396:80b] Multi-tasking -> Device: YES, App: YES
2014-02-01 11:56:51.472 HelloWorld[19396:80b] Unlimited access to network resources
2014-02-01 11:56:51.573 HelloWorld[19396:80b] Resetting plugins due to page load.
2014-02-01 11:56:51.657 HelloWorld[19396:80b] Finished load of: file:///Users/dannyvanderjagt/Library/Application%20Support/iPhone%20Simulator/7.0.3/Applications/AD592D53-2766-43C5-85CA-67837C5BDC37/HelloWorld.app/www/index.html
2014-02-01 12:09:41.894 HelloWorld[20030:80b] Multi-tasking -> Device: YES, App: YES
2014-02-01 12:09:41.900 HelloWorld[20030:80b] Unlimited access to network resources
2014-02-01 12:09:42.008 HelloWorld[20030:80b] Resetting plugins due to page load.
2014-02-01 12:09:42.053 HelloWorld[20030:80b] Finished load of: file:///Users/dannyvanderjagt/Library/Application%20Support/iPhone%20Simulator/7.0.3/Applications/AD592D53-2766-43C5-85CA-67837C5BDC37/HelloWorld.app/www/index.html
2014-02-01 12:11:16.719 HelloWorld[20621:80b] Multi-tasking -> Device: YES, App: YES
2014-02-01 12:11:16.726 HelloWorld[20621:80b] Unlimited access to network resources
2014-02-01 12:11:16.825 HelloWorld[20621:80b] Resetting plugins due to page load.
2014-02-01 12:11:16.870 HelloWorld[20621:80b] Finished load of: file:///Users/dannyvanderjagt/Library/Application%20Support/iPhone%20Simulator/7.0.3/Applications/AD592D53-2766-43C5-85CA-67837C5BDC37/HelloWorld.app/www/index.html
2014-02-01 12:16:49.374 HelloWorld[21239:80b] Multi-tasking -> Device: YES, App: YES
2014-02-01 12:16:49.381 HelloWorld[21239:80b] Unlimited access to network resources
2014-02-01 12:16:49.483 HelloWorld[21239:80b] Resetting plugins due to page load.
2014-02-01 12:16:49.530 HelloWorld[21239:80b] Finished load of: file:///Users/dannyvanderjagt/Library/Application%20Support/iPhone%20Simulator/7.0.3/Applications/AD592D53-2766-43C5-85CA-67837C5BDC37/HelloWorld.app/www/index.html
2014-02-01 12:17:18.234 HelloWorld[21825:80b] Multi-tasking -> Device: YES, App: YES
2014-02-01 12:17:18.241 HelloWorld[21825:80b] Unlimited access to network resources
2014-02-01 12:17:18.342 HelloWorld[21825:80b] Resetting plugins due to page load.
2014-02-01 12:17:18.389 HelloWorld[21825:80b] Finished load of: file:///Users/dannyvanderjagt/Library/Application%20Support/iPhone%20Simulator/7.0.3/Applications/AD592D53-2766-43C5-85CA-67837C5BDC37/HelloWorld.app/www/index.html
Terminating in response to SpringBoard's termination.
2014-02-01 13:53:08.325 HelloWorld[22809:80b] Multi-tasking -> Device: YES, App: YES
2014-02-01 13:53:08.334 HelloWorld[22809:80b] Unlimited access to network resources
2014-02-01 13:53:08.433 HelloWorld[22809:80b] Resetting plugins due to page load.
2014-02-01 13:53:08.473 HelloWorld[22809:80b] Finished load of: file:///Users/dannyvanderjagt/Library/Application%20Support/iPhone%20Simulator/7.0.3/Applications/AD592D53-2766-43C5-85CA-67837C5BDC37/HelloWorld.app/www/index.html
